# JRE version: Java(TM) SE Runtime Environment (8.0_101-b13) (build 1.8.0_101-b13)
# Java VM: Java HotSpot(TM) 64-Bit Server VM (25.101-b13 mixed mode windows-amd64 compressed oops)
Heap:
 PSYoungGen      total 36864K, used 13281K [0x00000000d5a00000, 0x00000000d8780000, 0x0000000100000000)
  eden space 29184K, 42% used [0x00000000d5a00000,0x00000000d6638690,0x00000000d7680000)
  from space 7680K, 10% used [0x00000000d8000000,0x00000000d80c0030,0x00000000d8780000)
  to   space 8704K, 0% used [0x00000000d7680000,0x00000000d7680000,0x00000000d7f00000)
 ParOldGen       total 43008K, used 7495K [0x0000000080e00000, 0x0000000083800000, 0x00000000d5a00000)
  object space 43008K, 17% used [0x0000000080e00000,0x0000000081551f80,0x0000000083800000)
 Metaspace       used 23699K, capacity 23962K, committed 24064K, reserved 1071104K
  class space    used 2410K, capacity 2525K, committed 2560K, reserved 1048576K
GC Heap History (10 events):
Event: 137.884 GC heap before
{Heap before GC invocations=9 (full 1):
 PSYoungGen      total 33280K, used 32995K [0x00000000d5a00000, 0x00000000d8c00000, 0x0000000100000000)
  eden space 31744K, 99% used [0x00000000d5a00000,0x00000000d78fe3a8,0x00000000d7900000)
  from space 1536K, 81% used [0x00000000d7980000,0x00000000d7aba980,0x00000000d7b00000)
  to   space 9728K, 0% used [0x00000000d8280000,0x00000000d8280000,0x00000000d8c00000)
 ParOldGen       total 43008K, used 6398K [0x0000000080e00000, 0x0000000083800000, 0x00000000d5a00000)
  object space 43008K, 14% used [0x0000000080e00000,0x000000008143fa38,0x0000000083800000)
 Metaspace       used 23409K, capacity 23642K, committed 23808K, reserved 1071104K
  class space    used 2409K, capacity 2525K, committed 2560K, reserved 1048576K
Event: 137.889 GC heap after
Heap after GC invocations=9 (full 1):
 PSYoungGen      total 40448K, used 576K [0x00000000d5a00000, 0x00000000d8b80000, 0x0000000100000000)
  eden space 31232K, 0% used [0x00000000d5a00000,0x00000000d5a00000,0x00000000d7880000)
  from space 9216K, 6% used [0x00000000d8280000,0x00000000d8310010,0x00000000d8b80000)
  to   space 9728K, 0% used [0x00000000d7880000,0x00000000d7880000,0x00000000d8200000)
 ParOldGen       total 43008K, used 7055K [0x0000000080e00000, 0x0000000083800000, 0x00000000d5a00000)
  object space 43008K, 16% used [0x0000000080e00000,0x00000000814e3f80,0x0000000083800000)
 Metaspace       used 23409K, capacity 23642K, committed 23808K, reserved 1071104K
  class space    used 2409K, capacity 2525K, committed 2560K, reserved 1048576K
}
Event: 161.216 GC heap before
{Heap before GC invocations=10 (full 1):
 PSYoungGen      total 40448K, used 31808K [0x00000000d5a00000, 0x00000000d8b80000, 0x0000000100000000)
  eden space 31232K, 100% used [0x00000000d5a00000,0x00000000d7880000,0x00000000d7880000)
  from space 9216K, 6% used [0x00000000d8280000,0x00000000d8310010,0x00000000d8b80000)
  to   space 9728K, 0% used [0x00000000d7880000,0x00000000d7880000,0x00000000d8200000)
 ParOldGen       total 43008K, used 7055K [0x0000000080e00000, 0x0000000083800000, 0x00000000d5a00000)
  object space 43008K, 16% used [0x0000000080e00000,0x00000000814e3f80,0x0000000083800000)
 Metaspace       used 23502K, capacity 23770K, committed 24064K, reserved 1071104K
  class space    used 2410K, capacity 2525K, committed 2560K, reserved 1048576K
Event: 161.220 GC heap after
Heap after GC invocations=10 (full 1):
 PSYoungGen      total 31232K, used 480K [0x00000000d5a00000, 0x00000000d8b00000, 0x0000000100000000)
  eden space 30720K, 0% used [0x00000000d5a00000,0x00000000d5a00000,0x00000000d7800000)
  from space 512K, 93% used [0x00000000d7880000,0x00000000d78f8000,0x00000000d7900000)
  to   space 9728K, 0% used [0x00000000d8180000,0x00000000d8180000,0x00000000d8b00000)
 ParOldGen       total 43008K, used 7199K [0x0000000080e00000, 0x0000000083800000, 0x00000000d5a00000)
  object space 43008K, 16% used [0x0000000080e00000,0x0000000081507f80,0x0000000083800000)
 Metaspace       used 23502K, capacity 23770K, committed 24064K, reserved 1071104K
  class space    used 2410K, capacity 2525K, committed 2560K, reserved 1048576K
}
Event: 183.569 GC heap before
{Heap before GC invocations=11 (full 1):
 PSYoungGen      total 31232K, used 31184K [0x00000000d5a00000, 0x00000000d8b00000, 0x0000000100000000)
  eden space 30720K, 99% used [0x00000000d5a00000,0x00000000d77fc398,0x00000000d7800000)
  from space 512K, 93% used [0x00000000d7880000,0x00000000d78f8000,0x00000000d7900000)
  to   space 9728K, 0% used [0x00000000d8180000,0x00000000d8180000,0x00000000d8b00000)
 ParOldGen       total 43008K, used 7199K [0x0000000080e00000, 0x0000000083800000, 0x00000000d5a00000)
  object space 43008K, 16% used [0x0000000080e00000,0x0000000081507f80,0x0000000083800000)
 Metaspace       used 23587K, capacity 23834K, committed 24064K, reserved 1071104K
  class space    used 2410K, capacity 2525K, committed 2560K, reserved 1048576K
Event: 183.572 GC heap after
Heap after GC invocations=11 (full 1):
 PSYoungGen      total 38400K, used 576K [0x00000000d5a00000, 0x00000000d8980000, 0x0000000100000000)
  eden space 30208K, 0% used [0x00000000d5a00000,0x00000000d5a00000,0x00000000d7780000)
  from space 8192K, 7% used [0x00000000d8180000,0x00000000d8210030,0x00000000d8980000)
  to   space 9216K, 0% used [0x00000000d7780000,0x00000000d7780000,0x00000000d8080000)
 ParOldGen       total 43008K, used 7383K [0x0000000080e00000, 0x0000000083800000, 0x00000000d5a00000)
  object space 43008K, 17% used [0x0000000080e00000,0x0000000081535f80,0x0000000083800000)
 Metaspace       used 23587K, capacity 23834K, committed 24064K, reserved 1071104K
  class space    used 2410K, capacity 2525K, committed 2560K, reserved 1048576K
}
Event: 207.575 GC heap before
{Heap before GC invocations=12 (full 1):
 PSYoungGen      total 38400K, used 30739K [0x00000000d5a00000, 0x00000000d8980000, 0x0000000100000000)
  eden space 30208K, 99% used [0x00000000d5a00000,0x00000000d7774fa0,0x00000000d7780000)
  from space 8192K, 7% used [0x00000000d8180000,0x00000000d8210030,0x00000000d8980000)
  to   space 9216K, 0% used [0x00000000d7780000,0x00000000d7780000,0x00000000d8080000)
 ParOldGen       total 43008K, used 7383K [0x0000000080e00000, 0x0000000083800000, 0x00000000d5a00000)
  object space 43008K, 17% used [0x0000000080e00000,0x0000000081535f80,0x0000000083800000)
 Metaspace       used 23633K, capacity 23898K, committed 24064K, reserved 1071104K
  class space    used 2410K, capacity 2525K, committed 2560K, reserved 1048576K
Event: 207.578 GC heap after
Heap after GC invocations=12 (full 1):
 PSYoungGen      total 30720K, used 512K [0x00000000d5a00000, 0x00000000d8900000, 0x0000000100000000)
  eden space 29696K, 0% used [0x00000000d5a00000,0x00000000d5a00000,0x00000000d7700000)
  from space 1024K, 50% used [0x00000000d7780000,0x00000000d7800020,0x00000000d7880000)
  to   space 9216K, 0% used [0x00000000d8000000,0x00000000d8000000,0x00000000d8900000)
 ParOldGen       total 43008K, used 7495K [0x0000000080e00000, 0x0000000083800000, 0x00000000d5a00000)
  object space 43008K, 17% used [0x0000000080e00000,0x0000000081551f80,0x0000000083800000)
 Metaspace       used 23633K, capacity 23898K, committed 24064K, reserved 1071104K
  class space    used 2410K, capacity 2525K, committed 2560K, reserved 1048576K
}
Event: 231.573 GC heap before
{Heap before GC invocations=13 (full 1):
 PSYoungGen      total 30720K, used 30179K [0x00000000d5a00000, 0x00000000d8900000, 0x0000000100000000)
  eden space 29696K, 99% used [0x00000000d5a00000,0x00000000d76f8ef8,0x00000000d7700000)
  from space 1024K, 50% used [0x00000000d7780000,0x00000000d7800020,0x00000000d7880000)
  to   space 9216K, 0% used [0x00000000d8000000,0x00000000d8000000,0x00000000d8900000)
 ParOldGen       total 43008K, used 7495K [0x0000000080e00000, 0x0000000083800000, 0x00000000d5a00000)
  object space 43008K, 17% used [0x0000000080e00000,0x0000000081551f80,0x0000000083800000)
 Metaspace       used 23685K, capacity 23962K, committed 24064K, reserved 1071104K
  class space    used 2410K, capacity 2525K, committed 2560K, reserved 1048576K
Event: 231.576 GC heap after
Heap after GC invocations=13 (full 1):
 PSYoungGen      total 36864K, used 768K [0x00000000d5a00000, 0x00000000d8780000, 0x0000000100000000)
  eden space 29184K, 0% used [0x00000000d5a00000,0x00000000d5a00000,0x00000000d7680000)
  from space 7680K, 10% used [0x00000000d8000000,0x00000000d80c0030,0x00000000d8780000)
  to   space 8704K, 0% used [0x00000000d7680000,0x00000000d7680000,0x00000000d7f00000)
 ParOldGen       total 43008K, used 7495K [0x0000000080e00000, 0x0000000083800000, 0x00000000d5a00000)
  object space 43008K, 17% used [0x0000000080e00000,0x0000000081551f80,0x0000000083800000)
 Metaspace       used 23685K, capacity 23962K, committed 24064K, reserved 1071104K
  class space    used 2410K, capacity 2525K, committed 2560K, reserved 1048576K
}

